16:25:01.404 - === STARTING TEST: Successful Login ===
16:25:06.924 - ✅ STEP 1/6: Click 'Tap to Start' - SUCCESS
16:25:06.925 -    📋 Details: Element found and clicked successfully
16:25:10.399 - ✅ STEP 2/6: Click button on second screen - SUCCESS
16:25:10.400 -    📋 Details: Button found and clicked successfully
16:25:13.472 - ✅ STEP 3/6: Select 'Saw an advertisement' and click 'Continue' - SUCCESS
16:25:13.473 -    📋 Details: Both elements found and clicked successfully
16:25:18.388 - ✅ STEP 4/6: Enter email and click 'Sign in' - SUCCESS
16:25:18.390 -    📋 Details: Email entered and sign in button clicked successfully
16:25:21.632 - ✅ STEP 5/6: Click 'Login with Password' - SUCCESS
16:25:21.632 -    📋 Details: Login with Password button found and clicked successfully
16:25:25.338 - ✅ STEP 6/6: Enter password and click 'Sign in' - SUCCESS
16:25:25.339 -    📋 Details: Password entered and sign in button clicked successfully
16:25:27.371 - ✅ STEP VALIDATION: Check home page - SUCCESS
16:25:27.371 -    📋 Details: Home page displayed with Activity Streak: Activity Streak
0 Week Streak
Mon
Tue
Wed
Thu
Fri
Sat
Sun
16:25:27.371 - === TEST COMPLETED: Successful Login - PASSED ===
